<?xml version="1.0" encoding="UTF-8"?>
<!-- Generated by org.testng.reporters.JUnitReportReporter -->
<testsuite skipped="0" hostname="DESKTOP-INQUNRP" name="com.TestNG.Test1" tests="1" failures="0" timestamp="09 Jun 2020 00:40:00 GMT" time="0.008" errors="0">
  <testcase name="m1" time="0.008" classname="com.TestNG.Test1"/>
</testsuite> <!-- com.TestNG.Test1 -->
