<?xml version="1.0" encoding="UTF-8"?>
<!-- Generated by org.testng.reporters.JUnitReportReporter -->
<testsuite skipped="0" hostname="DESKTOP-INQUNRP" name="com.TestNGParallelWithSingleTonClass.SearchTest" tests="2" failures="0" timestamp="23 Jan 2021 05:07:38 GMT" time="0.269" errors="0">
  <testcase name="searchTest" time="0.145" classname="com.TestNGParallelWithSingleTonClass.SearchTest"/>
  <testcase name="searchTest" time="0.124" classname="com.TestNGParallelWithSingleTonClass.SearchTest"/>
</testsuite> <!-- com.TestNGParallelWithSingleTonClass.SearchTest -->
