<?xml version="1.0" encoding="UTF-8"?>
<!-- Generated by org.testng.reporters.JUnitReportReporter -->
<testsuite skipped="0" hostname="DESKTOP-INQUNRP" name="com.TestNGDataProvider.MultipoleTest" tests="4" failures="0" timestamp="28 Jun 2020 21:10:07 GMT" time="38.267" errors="0">
  <testcase name="FbLoginTest" time="12.950" classname="com.TestNGDataProvider.MultipoleTest"/>
  <testcase name="FbLoginTest" time="5.235" classname="com.TestNGDataProvider.MultipoleTest"/>
  <testcase name="SFloginTest" time="14.479" classname="com.TestNGDataProvider.MultipoleTest"/>
  <testcase name="SFloginTest" time="5.603" classname="com.TestNGDataProvider.MultipoleTest"/>
</testsuite> <!-- com.TestNGDataProvider.MultipoleTest -->
