<?xml version="1.0" encoding="UTF-8"?>
<!-- Generated by org.testng.reporters.JUnitReportReporter -->
<testsuite skipped="0" hostname="DESKTOP-INQUNRP" name="com.TestNGParallelWithBaseTest.ParallelAndThreadCount" tests="4" failures="0" timestamp="23 Jan 2021 00:45:26 GMT" time="138.264" errors="0">
  <testcase name="getURL3" time="40.753" classname="com.TestNGParallelWithBaseTest.ParallelAndThreadCount"/>
  <testcase name="getURL2" time="25.714" classname="com.TestNGParallelWithBaseTest.ParallelAndThreadCount"/>
  <testcase name="getURL1" time="35.086" classname="com.TestNGParallelWithBaseTest.ParallelAndThreadCount"/>
  <testcase name="getURL4" time="36.711" classname="com.TestNGParallelWithBaseTest.ParallelAndThreadCount"/>
</testsuite> <!-- com.TestNGParallelWithBaseTest.ParallelAndThreadCount -->
