<?xml version="1.0" encoding="UTF-8"?>
<!-- Generated by org.testng.reporters.JUnitReportReporter -->
<testsuite skipped="0" hostname="DESKTOP-INQUNRP" name="com.TestNfaqctoryAnnotation.FactoryWithConstructor" tests="8" failures="0" timestamp="28 Jun 2020 17:45:21 GMT" time="53.860" errors="0">
  <testcase name="messangerTest" time="0.001" classname="com.TestNfaqctoryAnnotation.FactoryWithConstructor"/>
  <testcase name="LoginTest" time="5.419" classname="com.TestNfaqctoryAnnotation.FactoryWithConstructor"/>
  <testcase name="LoginTest" time="4.423" classname="com.TestNfaqctoryAnnotation.FactoryWithConstructor"/>
  <testcase name="SFloginTest" time="38.549" classname="com.TestNfaqctoryAnnotation.FactoryWithConstructor"/>
  <testcase name="messangerTest" time="0.002" classname="com.TestNfaqctoryAnnotation.FactoryWithConstructor"/>
  <testcase name="RegistrationTest" time="0.004" classname="com.TestNfaqctoryAnnotation.FactoryWithConstructor"/>
  <testcase name="SFloginTest" time="5.460" classname="com.TestNfaqctoryAnnotation.FactoryWithConstructor"/>
  <testcase name="RegistrationTest" time="0.002" classname="com.TestNfaqctoryAnnotation.FactoryWithConstructor"/>
</testsuite> <!-- com.TestNfaqctoryAnnotation.FactoryWithConstructor -->
