<?xml version="1.0" encoding="UTF-8"?>
<!-- Generated by org.testng.reporters.JUnitReportReporter -->
<testsuite skipped="0" hostname="DESKTOP-INQUNRP" name="com.TestNGAnnotationParameters.Parameter" tests="1" failures="0" timestamp="24 Jan 2021 01:37:13 GMT" time="5.353" errors="0">
  <testcase name="loginTest" time="5.353" classname="com.TestNGAnnotationParameters.Parameter"/>
</testsuite> <!-- com.TestNGAnnotationParameters.Parameter -->
