<?xml version="1.0" encoding="UTF-8"?>
<!-- Generated by org.testng.reporters.JUnitReportReporter -->
<testsuite skipped="0" hostname="DESKTOP-INQUNRP" name="com.TestNGDataProvider.DataProvider1" tests="4" failures="0" timestamp="28 Jun 2020 21:01:18 GMT" time="18.454" errors="0">
  <testcase name="LoginTest" time="12.627" classname="com.TestNGDataProvider.DataProvider1"/>
  <testcase name="messangerTest" time="0.004" classname="com.TestNGDataProvider.DataProvider1"/>
  <testcase name="LoginTest" time="5.817" classname="com.TestNGDataProvider.DataProvider1"/>
  <testcase name="RegistrationTest" time="0.006" classname="com.TestNGDataProvider.DataProvider1"/>
</testsuite> <!-- com.TestNGDataProvider.DataProvider1 -->
