<?xml version="1.0" encoding="UTF-8"?>
<!-- Generated by org.testng.reporters.JUnitReportReporter -->
<testsuite skipped="0" hostname="DESKTOP-INQUNRP" name="com.TestNGParallelWithBaseTest.Parallel" tests="4" failures="0" timestamp="23 Jan 2021 19:40:07 GMT" time="146.116" errors="0">
  <testcase name="getURL4" time="39.288" classname="com.TestNGParallelWithBaseTest.Parallel"/>
  <testcase name="getURL3" time="46.458" classname="com.TestNGParallelWithBaseTest.Parallel"/>
  <testcase name="getURL2" time="30.160" classname="com.TestNGParallelWithBaseTest.Parallel"/>
  <testcase name="getURL1" time="30.210" classname="com.TestNGParallelWithBaseTest.Parallel"/>
</testsuite> <!-- com.TestNGParallelWithBaseTest.Parallel -->
