<?xml version="1.0" encoding="UTF-8"?>
<!-- Generated by org.testng.reporters.JUnitReportReporter -->
<testsuite skipped="0" hostname="DESKTOP-INQUNRP" name="com.TestNfaqctoryAnnotation.DataProvider1" tests="6" failures="0" timestamp="27 Jun 2020 17:12:21 GMT" time="8.804" errors="0">
  <testcase name="messangerTest" time="0.002" classname="com.TestNfaqctoryAnnotation.DataProvider1"/>
  <testcase name="RegistrationTest" time="0.001" classname="com.TestNfaqctoryAnnotation.DataProvider1"/>
  <testcase name="messangerTest" time="0.002" classname="com.TestNfaqctoryAnnotation.DataProvider1"/>
  <testcase name="LoginTest" time="4.666" classname="com.TestNfaqctoryAnnotation.DataProvider1"/>
  <testcase name="LoginTest" time="4.131" classname="com.TestNfaqctoryAnnotation.DataProvider1"/>
  <testcase name="RegistrationTest" time="0.002" classname="com.TestNfaqctoryAnnotation.DataProvider1"/>
</testsuite> <!-- com.TestNfaqctoryAnnotation.DataProvider1 -->
