<?xml version="1.0" encoding="UTF-8"?>
<!-- Generated by org.testng.reporters.JUnitReportReporter -->
<testsuite skipped="0" hostname="DESKTOP-INQUNRP" name="com.TestNGavoidConsoleLog.ChromeConsoleLog" tests="2" failures="0" timestamp="09 Jun 2020 13:37:08 GMT" time="19.695" errors="0">
  <testcase name="m4" time="19.678" classname="com.TestNGavoidConsoleLog.ChromeConsoleLog"/>
  <testcase name="m1" time="0.017" classname="com.TestNGavoidConsoleLog.ChromeConsoleLog"/>
</testsuite> <!-- com.TestNGavoidConsoleLog.ChromeConsoleLog -->
