<?xml version="1.0" encoding="UTF-8"?>
<!-- Generated by org.testng.reporters.JUnitReportReporter -->
<testsuite skipped="0" hostname="DESKTOP-INQUNRP" name="com.TestNGhardAssertion.Verification" tests="1" failures="0" timestamp="14 Jun 2020 22:31:14 GMT" time="26.504" errors="0">
  <testcase name="test" time="26.504" classname="com.TestNGhardAssertion.Verification"/>
</testsuite> <!-- com.TestNGhardAssertion.Verification -->
