<?xml version="1.0" encoding="UTF-8"?>
<!-- Generated by org.testng.reporters.JUnitReportReporter -->
<testsuite skipped="0" hostname="DESKTOP-INQUNRP" name="com.TestNGDataProvider.DataProviderWithExcel" tests="2" failures="0" timestamp="26 Jun 2020 22:46:12 GMT" time="9.107" errors="0">
  <testcase name="LoginTest" time="3.438" classname="com.TestNGDataProvider.DataProviderWithExcel"/>
  <testcase name="LoginTest" time="5.669" classname="com.TestNGDataProvider.DataProviderWithExcel"/>
</testsuite> <!-- com.TestNGDataProvider.DataProviderWithExcel -->
