<?xml version="1.0" encoding="UTF-8"?>
<!-- Generated by org.testng.reporters.JUnitReportReporter -->
<testsuite skipped="0" hostname="DESKTOP-INQUNRP" name="com.TestNGParallelWithBaseTest.ParallelAndThreadCount" tests="4" failures="0" timestamp="23 Jan 2021 19:40:07 GMT" time="121.642" errors="0">
  <testcase name="getURL2" time="20.830" classname="com.TestNGParallelWithBaseTest.ParallelAndThreadCount"/>
  <testcase name="getURL1" time="28.806" classname="com.TestNGParallelWithBaseTest.ParallelAndThreadCount"/>
  <testcase name="getURL4" time="32.535" classname="com.TestNGParallelWithBaseTest.ParallelAndThreadCount"/>
  <testcase name="getURL3" time="39.471" classname="com.TestNGParallelWithBaseTest.ParallelAndThreadCount"/>
</testsuite> <!-- com.TestNGParallelWithBaseTest.ParallelAndThreadCount -->
