<?xml version="1.0" encoding="UTF-8"?>
<!-- Generated by org.testng.reporters.JUnitReportReporter -->
<testsuite skipped="0" hostname="DESKTOP-INQUNRP" name="com.TestNGParallelWithSingleTonWithBaseTest.LoginTest" tests="1" failures="0" timestamp="23 Jan 2021 05:20:49 GMT" time="3.843" errors="0">
  <testcase name="windowHandleTest" time="3.843" classname="com.TestNGParallelWithSingleTonWithBaseTest.LoginTest"/>
</testsuite> <!-- com.TestNGParallelWithSingleTonWithBaseTest.LoginTest -->
