<?xml version="1.0" encoding="UTF-8"?>
<!-- Generated by org.testng.reporters.JUnitReportReporter -->
<testsuite skipped="1" hostname="DESKTOP-INQUNRP" name="com.TestNGDataProviderExcel.DataProviderWithExcel" tests="1" failures="0" timestamp="28 Jun 2020 22:03:53 GMT" time="0.000" errors="0">
  <testcase name="LoginTest" time="0.000" classname="com.TestNGDataProviderExcel.DataProviderWithExcel">
    <skipped/>
  </testcase> <!-- LoginTest -->
</testsuite> <!-- com.TestNGDataProviderExcel.DataProviderWithExcel -->
