<?xml version="1.0" encoding="UTF-8"?>
<!-- Generated by org.testng.reporters.JUnitReportReporter -->
<testsuite skipped="0" hostname="DESKTOP-INQUNRP" name="com.TestNGAnnotation.BeforeAnaAfter" tests="1" failures="0" timestamp="24 Jan 2021 01:57:36 GMT" time="0.060" errors="0">
  <testcase name="titleTest" time="0.060" classname="com.TestNGAnnotation.BeforeAnaAfter"/>
</testsuite> <!-- com.TestNGAnnotation.BeforeAnaAfter -->
