<?xml version="1.0" encoding="UTF-8"?>
<!-- Generated by org.testng.reporters.JUnitReportReporter -->
<testsuite skipped="0" hostname="DESKTOP-INQUNRP" name="com.TestNGhardAssertion.AssertEqual" tests="1" failures="0" timestamp="11 Jun 2020 17:46:09 GMT" time="12.417" errors="0">
  <testcase name="m2" time="12.417" classname="com.TestNGhardAssertion.AssertEqual"/>
</testsuite> <!-- com.TestNGhardAssertion.AssertEqual -->
