<?xml version="1.0" encoding="UTF-8"?>
<!-- Generated by org.testng.reporters.JUnitReportReporter -->
<testsuite skipped="0" hostname="DESKTOP-INQUNRP" name="com.TestNGhardAssertion.Practice" tests="1" failures="0" timestamp="13 Jun 2020 15:33:47 GMT" time="23.401" errors="0">
  <testcase name="test" time="23.401" classname="com.TestNGhardAssertion.Practice"/>
</testsuite> <!-- com.TestNGhardAssertion.Practice -->
