<?xml version="1.0" encoding="UTF-8"?>
<!-- Generated by org.testng.reporters.JUnitReportReporter -->
<testsuite skipped="0" hostname="DESKTOP-INQUNRP" name="com.TestNGparameter.LoginTest" tests="3" failures="0" timestamp="14 Jun 2020 20:51:22 GMT" time="0.466" errors="0">
  <testcase name="userNameSoccerTest" time="0.145" classname="com.TestNGparameter.LoginTest"/>
  <testcase name="passwordSoccerTest" time="0.091" classname="com.TestNGparameter.LoginTest"/>
  <testcase name="loginButtonSoccerTest" time="0.230" classname="com.TestNGparameter.LoginTest"/>
</testsuite> <!-- com.TestNGparameter.LoginTest -->
