<?xml version="1.0" encoding="UTF-8"?>
<!-- Generated by org.testng.reporters.JUnitReportReporter -->
<testsuite skipped="0" hostname="DESKTOP-INQUNRP" name="com.TestNGDataProviderExcelLoop.ReadAnyData" tests="2" failures="0" timestamp="28 Jun 2020 22:07:11 GMT" time="21.370" errors="0">
  <testcase name="LoginTest" time="14.027" classname="com.TestNGDataProviderExcelLoop.ReadAnyData"/>
  <testcase name="LoginTest" time="7.343" classname="com.TestNGDataProviderExcelLoop.ReadAnyData"/>
</testsuite> <!-- com.TestNGDataProviderExcelLoop.ReadAnyData -->
