<?xml version="1.0" encoding="UTF-8"?>
<!-- Generated by org.testng.reporters.JUnitReportReporter -->
<testsuite skipped="0" hostname="DESKTOP-INQUNRP" name="com.TestNG.Test1" tests="2" failures="0" timestamp="09 Jun 2020 02:17:36 GMT" time="9.761" errors="0">
  <testcase name="m5" time="9.743" classname="com.TestNG.Test1"/>
  <testcase name="m1" time="0.018" classname="com.TestNG.Test1"/>
</testsuite> <!-- com.TestNG.Test1 -->
