<?xml version="1.0" encoding="UTF-8"?>
<!-- Generated by org.testng.reporters.JUnitReportReporter -->
<testsuite skipped="0" hostname="DESKTOP-INQUNRP" name="com.TestNGhardAssertion.AssertNull" tests="1" failures="0" timestamp="14 Jun 2020 22:04:24 GMT" time="8.862" errors="0">
  <testcase name="driverNotNull" time="8.862" classname="com.TestNGhardAssertion.AssertNull"/>
</testsuite> <!-- com.TestNGhardAssertion.AssertNull -->
