<?xml version="1.0" encoding="UTF-8"?>
<!-- Generated by org.testng.reporters.JUnitReportReporter -->
<testsuite skipped="0" hostname="DESKTOP-INQUNRP" name="com.TestNGcustomAssert.LoginTest" tests="4" failures="0" timestamp="21 Jun 2020 17:36:22 GMT" time="0.022" errors="0">
  <testcase name="test4" time="0.001" classname="com.TestNGcustomAssert.LoginTest"/>
  <testcase name="test2" time="0.005" classname="com.TestNGcustomAssert.LoginTest"/>
  <testcase name="test3" time="0.002" classname="com.TestNGcustomAssert.LoginTest"/>
  <testcase name="test1" time="0.014" classname="com.TestNGcustomAssert.LoginTest"/>
</testsuite> <!-- com.TestNGcustomAssert.LoginTest -->
