<?xml version="1.0" encoding="UTF-8"?>
<!-- Generated by org.testng.reporters.JUnitReportReporter -->
<testsuite skipped="0" hostname="DESKTOP-INQUNRP" name="com.TestNGParallelWithBaseTest.Parallel" tests="4" failures="0" timestamp="23 Jan 2021 00:45:26 GMT" time="97.768" errors="0">
  <testcase name="getURL3" time="32.257" classname="com.TestNGParallelWithBaseTest.Parallel"/>
  <testcase name="getURL1" time="16.825" classname="com.TestNGParallelWithBaseTest.Parallel"/>
  <testcase name="getURL2" time="18.178" classname="com.TestNGParallelWithBaseTest.Parallel"/>
  <testcase name="getURL4" time="30.508" classname="com.TestNGParallelWithBaseTest.Parallel"/>
</testsuite> <!-- com.TestNGParallelWithBaseTest.Parallel -->
