<?xml version="1.0" encoding="UTF-8"?>
<!-- Generated by org.testng.reporters.JUnitReportReporter -->
<testsuite skipped="0" hostname="DESKTOP-INQUNRP" name="com.TestNGhardAssertion.AssertTrueAndFalse" tests="3" failures="0" timestamp="13 Jun 2020 17:03:06 GMT" time="2.556" errors="0">
  <testcase name="verifyAssertTrue" time="0.071" classname="com.TestNGhardAssertion.AssertTrueAndFalse"/>
  <testcase name="assertTrue" time="2.346" classname="com.TestNGhardAssertion.AssertTrueAndFalse"/>
  <testcase name="assertFalse" time="0.139" classname="com.TestNGhardAssertion.AssertTrueAndFalse"/>
</testsuite> <!-- com.TestNGhardAssertion.AssertTrueAndFalse -->
