<?xml version="1.0" encoding="UTF-8"?>
<!-- Generated by org.testng.reporters.JUnitReportReporter -->
<testsuite skipped="0" hostname="DESKTOP-INQUNRP" name="com.TestNGAnnotation.HowToPrintMethodName" tests="2" failures="0" timestamp="24 Jan 2021 02:14:12 GMT" time="1.026" errors="0">
  <testcase name="urlTest" time="0.012" classname="com.TestNGAnnotation.HowToPrintMethodName"/>
  <testcase name="titleTest" time="1.014" classname="com.TestNGAnnotation.HowToPrintMethodName"/>
</testsuite> <!-- com.TestNGAnnotation.HowToPrintMethodName -->
