<?xml version="1.0" encoding="UTF-8"?>
<!-- Generated by org.testng.reporters.JUnitReportReporter -->
<testsuite skipped="0" hostname="DESKTOP-INQUNRP" name="com.TestNGParallelWithSingleTonWithBaseTest.EnglishTest" tests="1" failures="0" timestamp="23 Jan 2021 05:20:49 GMT" time="3.771" errors="0">
  <testcase name="userPassword" time="3.771" classname="com.TestNGParallelWithSingleTonWithBaseTest.EnglishTest"/>
</testsuite> <!-- com.TestNGParallelWithSingleTonWithBaseTest.EnglishTest -->
