<?xml version="1.0" encoding="UTF-8"?>
<!-- Generated by org.testng.reporters.JUnitReportReporter -->
<testsuite skipped="0" hostname="DESKTOP-INQUNRP" name="com.TestNgfaqctoryMultipoleClass.RegressionTest" tests="2" failures="0" timestamp="28 Jun 2020 18:45:41 GMT" time="0.003" errors="0">
  <testcase name="M1" time="0.002" classname="com.TestNgfaqctoryMultipoleClass.RegressionTest"/>
  <testcase name="m2" time="0.001" classname="com.TestNgfaqctoryMultipoleClass.RegressionTest"/>
</testsuite> <!-- com.TestNgfaqctoryMultipoleClass.RegressionTest -->
